<?xml version="1.0" encoding="UTF-8"?>
<testsuite name="cricketanalyser.CricketAnalyserTest" tests="26" skipped="0" failures="2" errors="0" timestamp="2020-05-25T03:45:27" hostname="MADHU" time="5.38">
  <properties/>
  <testcase name="givenIplBatsMenData_whenSortDataAccordingToAverages_shouldReturnTopAverageBatsMen" classname="cricketanalyser.CricketAnalyserTest" time="0.625"/>
  <testcase name="givenIplBatsMenData_whenSortDataAccordingToStrikeRates_shouldReturnTopStrikeRateBatsMen" classname="cricketanalyser.CricketAnalyserTest" time="0.283"/>
  <testcase name="givenIplBatsMenData_whenDataLoaded_shouldReturnsCorrectRecords" classname="cricketanalyser.CricketAnalyserTest" time="0.239"/>
  <testcase name="givenIplBowlersData_WhenSortAccordingToAveragesAndStrikeRates_ShouldReturnPlayersInSortedOrder" classname="cricketanalyser.CricketAnalyserTest" time="0.206"/>
  <testcase name="givenIplBatsMenData_whenSortDataAccordingToFours_shouldReturnBatsMenWhoHitLessFours" classname="cricketanalyser.CricketAnalyserTest" time="0.216"/>
  <testcase name="givenIplBowlersAndBatsmenData_whenSortedAccordingToRunsAndWickets_shouldReturnPlayersInSorted" classname="cricketanalyser.CricketAnalyserTest" time="0.389">
    <failure message="org.junit.ComparisonFailure: expected:&lt;[Shreyas Iyer]&gt; but was:&lt;[Faf du Plessis]&gt;" type="org.junit.ComparisonFailure">org.junit.ComparisonFailure: expected:&lt;[Shreyas Iyer]&gt; but was:&lt;[Faf du Plessis]&gt;
	at org.junit.Assert.assertEquals(Assert.java:115)
	at org.junit.Assert.assertEquals(Assert.java:144)
	at cricketanalyser.CricketAnalyserTest.givenIplBowlersAndBatsmenData_whenSortedAccordingToRunsAndWickets_shouldReturnPlayersInSorted(CricketAnalyserTest.java:344)
	at sun.reflect.NativeMethodAccessorImpl.invoke0(Native Method)
	at sun.reflect.NativeMethodAccessorImpl.invoke(NativeMethodAccessorImpl.java:62)
	at sun.reflect.DelegatingMethodAccessorImpl.invoke(DelegatingMethodAccessorImpl.java:43)
	at java.lang.reflect.Method.invoke(Method.java:498)
	at org.junit.runners.model.FrameworkMethod$1.runReflectiveCall(FrameworkMethod.java:50)
	at org.junit.internal.runners.model.ReflectiveCallable.run(ReflectiveCallable.java:12)
	at org.junit.runners.model.FrameworkMethod.invokeExplosively(FrameworkMethod.java:47)
	at org.junit.internal.runners.statements.InvokeMethod.evaluate(InvokeMethod.java:17)
	at org.junit.runners.ParentRunner.runLeaf(ParentRunner.java:325)
	at org.junit.runners.BlockJUnit4ClassRunner.runChild(BlockJUnit4ClassRunner.java:78)
	at org.junit.runners.BlockJUnit4ClassRunner.runChild(BlockJUnit4ClassRunner.java:57)
	at org.junit.runners.ParentRunner$3.run(ParentRunner.java:290)
	at org.junit.runners.ParentRunner$1.schedule(ParentRunner.java:71)
	at org.junit.runners.ParentRunner.runChildren(ParentRunner.java:288)
	at org.junit.runners.ParentRunner.access$000(ParentRunner.java:58)
	at org.junit.runners.ParentRunner$2.evaluate(ParentRunner.java:268)
	at org.junit.runners.ParentRunner.run(ParentRunner.java:363)
	at org.gradle.api.internal.tasks.testing.junit.JUnitTestClassExecutor.runTestClass(JUnitTestClassExecutor.java:110)
	at org.gradle.api.internal.tasks.testing.junit.JUnitTestClassExecutor.execute(JUnitTestClassExecutor.java:58)
	at org.gradle.api.internal.tasks.testing.junit.JUnitTestClassExecutor.execute(JUnitTestClassExecutor.java:38)
	at org.gradle.api.internal.tasks.testing.junit.AbstractJUnitTestClassProcessor.processTestClass(AbstractJUnitTestClassProcessor.java:62)
	at org.gradle.api.internal.tasks.testing.SuiteTestClassProcessor.processTestClass(SuiteTestClassProcessor.java:51)
	at sun.reflect.NativeMethodAccessorImpl.invoke0(Native Method)
	at sun.reflect.NativeMethodAccessorImpl.invoke(NativeMethodAccessorImpl.java:62)
	at sun.reflect.DelegatingMethodAccessorImpl.invoke(DelegatingMethodAccessorImpl.java:43)
	at java.lang.reflect.Method.invoke(Method.java:498)
	at org.gradle.internal.dispatch.ReflectionDispatch.dispatch(ReflectionDispatch.java:36)
	at org.gradle.internal.dispatch.ReflectionDispatch.dispatch(ReflectionDispatch.java:24)
	at org.gradle.internal.dispatch.ContextClassLoaderDispatch.dispatch(ContextClassLoaderDispatch.java:33)
	at org.gradle.internal.dispatch.ProxyDispatchAdapter$DispatchingInvocationHandler.invoke(ProxyDispatchAdapter.java:94)
	at com.sun.proxy.$Proxy2.processTestClass(Unknown Source)
	at org.gradle.api.internal.tasks.testing.worker.TestWorker.processTestClass(TestWorker.java:118)
	at sun.reflect.NativeMethodAccessorImpl.invoke0(Native Method)
	at sun.reflect.NativeMethodAccessorImpl.invoke(NativeMethodAccessorImpl.java:62)
	at sun.reflect.DelegatingMethodAccessorImpl.invoke(DelegatingMethodAccessorImpl.java:43)
	at java.lang.reflect.Method.invoke(Method.java:498)
	at org.gradle.internal.dispatch.ReflectionDispatch.dispatch(ReflectionDispatch.java:36)
	at org.gradle.internal.dispatch.ReflectionDispatch.dispatch(ReflectionDispatch.java:24)
	at org.gradle.internal.remote.internal.hub.MessageHubBackedObjectConnection$DispatchWrapper.dispatch(MessageHubBackedObjectConnection.java:182)
	at org.gradle.internal.remote.internal.hub.MessageHubBackedObjectConnection$DispatchWrapper.dispatch(MessageHubBackedObjectConnection.java:164)
	at org.gradle.internal.remote.internal.hub.MessageHub$Handler.run(MessageHub.java:412)
	at org.gradle.internal.concurrent.ExecutorPolicy$CatchAndRecordFailures.onExecute(ExecutorPolicy.java:64)
	at org.gradle.internal.concurrent.ManagedExecutorImpl$1.run(ManagedExecutorImpl.java:48)
	at java.util.concurrent.ThreadPoolExecutor.runWorker(ThreadPoolExecutor.java:1149)
	at java.util.concurrent.ThreadPoolExecutor$Worker.run(ThreadPoolExecutor.java:624)
	at org.gradle.internal.concurrent.ThreadFactoryImpl$ManagedThreadRunnable.run(ThreadFactoryImpl.java:56)
	at java.lang.Thread.run(Thread.java:748)
</failure>
  </testcase>
  <testcase name="givenIplBatsMenData_withIncorrectHeader_shouldThrowException" classname="cricketanalyser.CricketAnalyserTest" time="0.034"/>
  <testcase name="givenIplBowlersData_whenDataLoaded_shouldReturnsCorrectRecords" classname="cricketanalyser.CricketAnalyserTest" time="0.215"/>
  <testcase name="givenIplBatsMenData_whenSortAccordingToRunsAndAverages_shouldReturnPlayersInSortedOrder" classname="cricketanalyser.CricketAnalyserTest" time="0.202"/>
  <testcase name="givenIplBatsMenData_whenSortAccordingToGreatAveragesBestStrikeRates_shouldReturnPlayersInSortedOrder" classname="cricketanalyser.CricketAnalyserTest" time="0.207"/>
  <testcase name="givenIplBowlersData_whenSortAccordingToAveragesAndStrikeRates_shouldReturnPlayersInSortedOrder" classname="cricketanalyser.CricketAnalyserTest" time="0.18"/>
  <testcase name="givenIplBatsMenData_whenFileTypeIsWrong_shouldThrowException" classname="cricketanalyser.CricketAnalyserTest" time="0.004"/>
  <testcase name="givenIplBatsMenData_whenWrongFilePath_shouldThrowException" classname="cricketanalyser.CricketAnalyserTest" time="0.002"/>
  <testcase name="givenIplBatsMenData_whenSortDataAccordingToStrikeRates_shouldReturnBatsMenWithLeastStrikeRate" classname="cricketanalyser.CricketAnalyserTest" time="0.223"/>
  <testcase name="givenIplBowlersAndBatsmenData_whenSortedAccordingToBestBattingAndBowlingAverages_shouldReturn" classname="cricketanalyser.CricketAnalyserTest" time="0.375">
    <failure message="org.junit.ComparisonFailure: expected:&lt;M[arcus Stoinis]&gt; but was:&lt;M[S Dhoni]&gt;" type="org.junit.ComparisonFailure">org.junit.ComparisonFailure: expected:&lt;M[arcus Stoinis]&gt; but was:&lt;M[S Dhoni]&gt;
	at org.junit.Assert.assertEquals(Assert.java:115)
	at org.junit.Assert.assertEquals(Assert.java:144)
	at cricketanalyser.CricketAnalyserTest.givenIplBowlersAndBatsmenData_whenSortedAccordingToBestBattingAndBowlingAverages_shouldReturn(CricketAnalyserTest.java:331)
	at sun.reflect.NativeMethodAccessorImpl.invoke0(Native Method)
	at sun.reflect.NativeMethodAccessorImpl.invoke(NativeMethodAccessorImpl.java:62)
	at sun.reflect.DelegatingMethodAccessorImpl.invoke(DelegatingMethodAccessorImpl.java:43)
	at java.lang.reflect.Method.invoke(Method.java:498)
	at org.junit.runners.model.FrameworkMethod$1.runReflectiveCall(FrameworkMethod.java:50)
	at org.junit.internal.runners.model.ReflectiveCallable.run(ReflectiveCallable.java:12)
	at org.junit.runners.model.FrameworkMethod.invokeExplosively(FrameworkMethod.java:47)
	at org.junit.internal.runners.statements.InvokeMethod.evaluate(InvokeMethod.java:17)
	at org.junit.runners.ParentRunner.runLeaf(ParentRunner.java:325)
	at org.junit.runners.BlockJUnit4ClassRunner.runChild(BlockJUnit4ClassRunner.java:78)
	at org.junit.runners.BlockJUnit4ClassRunner.runChild(BlockJUnit4ClassRunner.java:57)
	at org.junit.runners.ParentRunner$3.run(ParentRunner.java:290)
	at org.junit.runners.ParentRunner$1.schedule(ParentRunner.java:71)
	at org.junit.runners.ParentRunner.runChildren(ParentRunner.java:288)
	at org.junit.runners.ParentRunner.access$000(ParentRunner.java:58)
	at org.junit.runners.ParentRunner$2.evaluate(ParentRunner.java:268)
	at org.junit.runners.ParentRunner.run(ParentRunner.java:363)
	at org.gradle.api.internal.tasks.testing.junit.JUnitTestClassExecutor.runTestClass(JUnitTestClassExecutor.java:110)
	at org.gradle.api.internal.tasks.testing.junit.JUnitTestClassExecutor.execute(JUnitTestClassExecutor.java:58)
	at org.gradle.api.internal.tasks.testing.junit.JUnitTestClassExecutor.execute(JUnitTestClassExecutor.java:38)
	at org.gradle.api.internal.tasks.testing.junit.AbstractJUnitTestClassProcessor.processTestClass(AbstractJUnitTestClassProcessor.java:62)
	at org.gradle.api.internal.tasks.testing.SuiteTestClassProcessor.processTestClass(SuiteTestClassProcessor.java:51)
	at sun.reflect.NativeMethodAccessorImpl.invoke0(Native Method)
	at sun.reflect.NativeMethodAccessorImpl.invoke(NativeMethodAccessorImpl.java:62)
	at sun.reflect.DelegatingMethodAccessorImpl.invoke(DelegatingMethodAccessorImpl.java:43)
	at java.lang.reflect.Method.invoke(Method.java:498)
	at org.gradle.internal.dispatch.ReflectionDispatch.dispatch(ReflectionDispatch.java:36)
	at org.gradle.internal.dispatch.ReflectionDispatch.dispatch(ReflectionDispatch.java:24)
	at org.gradle.internal.dispatch.ContextClassLoaderDispatch.dispatch(ContextClassLoaderDispatch.java:33)
	at org.gradle.internal.dispatch.ProxyDispatchAdapter$DispatchingInvocationHandler.invoke(ProxyDispatchAdapter.java:94)
	at com.sun.proxy.$Proxy2.processTestClass(Unknown Source)
	at org.gradle.api.internal.tasks.testing.worker.TestWorker.processTestClass(TestWorker.java:118)
	at sun.reflect.NativeMethodAccessorImpl.invoke0(Native Method)
	at sun.reflect.NativeMethodAccessorImpl.invoke(NativeMethodAccessorImpl.java:62)
	at sun.reflect.DelegatingMethodAccessorImpl.invoke(DelegatingMethodAccessorImpl.java:43)
	at java.lang.reflect.Method.invoke(Method.java:498)
	at org.gradle.internal.dispatch.ReflectionDispatch.dispatch(ReflectionDispatch.java:36)
	at org.gradle.internal.dispatch.ReflectionDispatch.dispatch(ReflectionDispatch.java:24)
	at org.gradle.internal.remote.internal.hub.MessageHubBackedObjectConnection$DispatchWrapper.dispatch(MessageHubBackedObjectConnection.java:182)
	at org.gradle.internal.remote.internal.hub.MessageHubBackedObjectConnection$DispatchWrapper.dispatch(MessageHubBackedObjectConnection.java:164)
	at org.gradle.internal.remote.internal.hub.MessageHub$Handler.run(MessageHub.java:412)
	at org.gradle.internal.concurrent.ExecutorPolicy$CatchAndRecordFailures.onExecute(ExecutorPolicy.java:64)
	at org.gradle.internal.concurrent.ManagedExecutorImpl$1.run(ManagedExecutorImpl.java:48)
	at java.util.concurrent.ThreadPoolExecutor.runWorker(ThreadPoolExecutor.java:1149)
	at java.util.concurrent.ThreadPoolExecutor$Worker.run(ThreadPoolExecutor.java:624)
	at org.gradle.internal.concurrent.ThreadFactoryImpl$ManagedThreadRunnable.run(ThreadFactoryImpl.java:56)
	at java.lang.Thread.run(Thread.java:748)
</failure>
  </testcase>
  <testcase name="givenIplBatsMenData_whenSortDataAccordingToFours_shouldReturnBatsMenHitMostFours" classname="cricketanalyser.CricketAnalyserTest" time="0.193"/>
  <testcase name="givenIplBatsMenData_whenSortDataAccordingToSixes_shouldReturnBatsMenHitLeastSixes" classname="cricketanalyser.CricketAnalyserTest" time="0.195"/>
  <testcase name="givenIplBowlersData_whenSortAccordingToStrikeRate_shouldReturnPlayersInSortedOrder" classname="cricketanalyser.CricketAnalyserTest" time="0.181"/>
  <testcase name="givenIplBatsMenData_whenSortDataAccordingToSixes_shouldReturnBatsMenHitMoreSixes" classname="cricketanalyser.CricketAnalyserTest" time="0.196"/>
  <testcase name="givenIplBatsMenData_whenSortDataAccordingToStrikeRateWithMaximumFoursAndSixes_shouldReturnPlayerInSortedOrder" classname="cricketanalyser.CricketAnalyserTest" time="0.264"/>
  <testcase name="givenIplBatsMenData_whenSortDataAccordingToAverages_shouldReturnBatsManWithLeastAverage" classname="cricketanalyser.CricketAnalyserTest" time="0.221"/>
  <testcase name="givenIplBowlersData_WhenSortAccordingToAverages_ShouldReturnTopPlayers" classname="cricketanalyser.CricketAnalyserTest" time="0.177"/>
  <testcase name="givenIplBowlersData_whenSortAccordingToStrikeRateWithFiveAndFourWickets_shouldReturnPlayersInSortedOrder" classname="cricketanalyser.CricketAnalyserTest" time="0.173"/>
  <testcase name="givenIplBowlersData_whenSortAccordingToWicketsAndAverages_shouldReturnPlayersInSortedOrder" classname="cricketanalyser.CricketAnalyserTest" time="0.175"/>
  <testcase name="givenIplBowlersData_whenSortAccordingToEconomy_shouldReturnPlayersInSortedOrder" classname="cricketanalyser.CricketAnalyserTest" time="0.18"/>
  <testcase name="givenIplBatsMenData_withIncorrectDelimiter_shouldThrowException" classname="cricketanalyser.CricketAnalyserTest" time="0.006"/>
  <system-out><![CDATA[]]></system-out>
  <system-err><![CDATA[]]></system-err>
</testsuite>
